[debug] [2022-10-09T06:09:43.458Z] ----------------------------------------------------------------------
[debug] [2022-10-09T06:09:43.460Z] Command:       /Users/fernandomellone/.nvm/versions/node/v16.15.0/bin/node /Users/fernandomellone/.nvm/versions/node/v16.15.0/bin/firebase emulators:start
[debug] [2022-10-09T06:09:43.460Z] CLI Version:   11.14.1
[debug] [2022-10-09T06:09:43.460Z] Platform:      darwin
[debug] [2022-10-09T06:09:43.460Z] Node Version:  v16.15.0
[debug] [2022-10-09T06:09:43.461Z] Time:          Sun Oct 09 2022 03:09:43 GMT-0300 (Paraguay Summer Time)
[debug] [2022-10-09T06:09:43.461Z] ----------------------------------------------------------------------
[debug] 
[debug] [2022-10-09T06:09:43.531Z] > command requires scopes: ["email","openid","https://www.googleapis.com/auth/cloudplatformprojects.readonly","https://www.googleapis.com/auth/firebase","https://www.googleapis.com/auth/cloud-platform"]
[debug] [2022-10-09T06:09:43.531Z] > authorizing via signed-in user (fernandomellone2@gmail.com)
[debug] [2022-10-09T06:09:44.799Z] java version "18" 2022-03-22

[debug] [2022-10-09T06:09:44.800Z] Java(TM) SE Runtime Environment (build 18+36-2087)
Java HotSpot(TM) 64-Bit Server VM (build 18+36-2087, mixed mode, sharing)

[debug] [2022-10-09T06:09:44.834Z] Parsed Java major version: 18
[info] i  emulators: Starting emulators: auth, firestore {"metadata":{"emulator":{"name":"hub"},"message":"Starting emulators: auth, firestore"}}
[debug] [2022-10-09T06:09:44.843Z] [hub] writing locator at /var/folders/fv/n6sh3ymj69b3vzl5vxzl98_40000gn/T/hub-my-future-stuff.json
[warn] ⚠  firestore: Did not find a Cloud Firestore rules file specified in a firebase.json config file. {"metadata":{"emulator":{"name":"firestore"},"message":"Did not find a Cloud Firestore rules file specified in a firebase.json config file."}}
[warn] ⚠  firestore: The emulator will default to allowing all reads and writes. Learn more about this option: https://firebase.google.com/docs/emulator-suite/install_and_configure#security_rules_configuration. {"metadata":{"emulator":{"name":"firestore"},"message":"The emulator will default to allowing all reads and writes. Learn more about this option: https://firebase.google.com/docs/emulator-suite/install_and_configure#security_rules_configuration."}}
[info] i  firestore: downloading cloud-firestore-emulator-v1.15.1.jar... {"metadata":{"emulator":{"name":"firestore"},"message":"downloading cloud-firestore-emulator-v1.15.1.jar..."}}
[debug] [2022-10-09T06:09:44.864Z] >>> [apiv2][query] GET https://storage.googleapis.com/firebase-preview-drop/emulator/cloud-firestore-emulator-v1.15.1.jar 
[debug] [2022-10-09T06:09:45.221Z] <<< [apiv2][status] GET https://storage.googleapis.com/firebase-preview-drop/emulator/cloud-firestore-emulator-v1.15.1.jar 200
[debug] [2022-10-09T06:09:45.221Z] <<< [apiv2][body] GET https://storage.googleapis.com/firebase-preview-drop/emulator/cloud-firestore-emulator-v1.15.1.jar [stream]
[info] i  firestore: Removing outdated emulator files: cloud-firestore-emulator-v1.14.4.jar {"metadata":{"emulator":{"name":"firestore"},"message":"Removing outdated emulator files: cloud-firestore-emulator-v1.14.4.jar"}}
[debug] [2022-10-09T06:09:48.734Z] Ignoring unsupported arg: auto_download {"metadata":{"emulator":{"name":"firestore"},"message":"Ignoring unsupported arg: auto_download"}}
[debug] [2022-10-09T06:09:48.734Z] Ignoring unsupported arg: single_project_mode_error {"metadata":{"emulator":{"name":"firestore"},"message":"Ignoring unsupported arg: single_project_mode_error"}}
[debug] [2022-10-09T06:09:48.734Z] Starting Firestore Emulator with command {"binary":"java","args":["-Dgoogle.cloud_firestore.debug_log_level=FINE","-Duser.language=en","-jar","/Users/fernandomellone/.cache/firebase/emulators/cloud-firestore-emulator-v1.15.1.jar","--host","localhost","--port",8080,"--websocket_port",9150,"--project_id","my-future-stuff","--single_project_mode",true],"optionalArgs":["port","webchannel_port","host","rules","websocket_port","functions_emulator","seed_from_export","project_id","single_project_mode"],"joinArgs":false} {"metadata":{"emulator":{"name":"firestore"},"message":"Starting Firestore Emulator with command {\"binary\":\"java\",\"args\":[\"-Dgoogle.cloud_firestore.debug_log_level=FINE\",\"-Duser.language=en\",\"-jar\",\"/Users/fernandomellone/.cache/firebase/emulators/cloud-firestore-emulator-v1.15.1.jar\",\"--host\",\"localhost\",\"--port\",8080,\"--websocket_port\",9150,\"--project_id\",\"my-future-stuff\",\"--single_project_mode\",true],\"optionalArgs\":[\"port\",\"webchannel_port\",\"host\",\"rules\",\"websocket_port\",\"functions_emulator\",\"seed_from_export\",\"project_id\",\"single_project_mode\"],\"joinArgs\":false}"}}
[info] i  firestore: Firestore Emulator logging to firestore-debug.log {"metadata":{"emulator":{"name":"firestore"},"message":"Firestore Emulator logging to \u001b[1mfirestore-debug.log\u001b[22m"}}
[debug] [2022-10-09T06:09:50.504Z] Oct 09, 2022 3:09:50 AM com.google.cloud.datastore.emulator.firestore.websocket.WebSocketServer start
INFO: Started WebSocket server on ws://localhost:9150
 {"metadata":{"emulator":{"name":"firestore"},"message":"Oct 09, 2022 3:09:50 AM com.google.cloud.datastore.emulator.firestore.websocket.WebSocketServer start\nINFO: Started WebSocket server on ws://localhost:9150\n"}}
[debug] [2022-10-09T06:09:50.532Z] API endpoint: http://localhost:8080
If you are using a library that supports the FIRESTORE_EMULATOR_HOST environment variable, run:
 {"metadata":{"emulator":{"name":"firestore"},"message":"API endpoint: http://localhost:8080\nIf you are using a library that supports the FIRESTORE_EMULATOR_HOST environment variable, run:\n"}}
[debug] [2022-10-09T06:09:50.533Z] 
   export FIRESTORE_EMULATOR_HOST=localhost:8080

Dev App Server is now running.

 {"metadata":{"emulator":{"name":"firestore"},"message":"\n   export FIRESTORE_EMULATOR_HOST=localhost:8080\n\nDev App Server is now running.\n\n"}}
[info] ✔  firestore: Firestore Emulator UI websocket is running on 9150. {"metadata":{"emulator":{"name":"firestore"},"message":"Firestore Emulator UI websocket is running on 9150."}}
[info] i  ui: downloading ui-v1.10.0.zip... {"metadata":{"emulator":{"name":"ui"},"message":"downloading ui-v1.10.0.zip..."}}
[debug] [2022-10-09T06:09:54.491Z] >>> [apiv2][query] GET https://storage.googleapis.com/firebase-preview-drop/emulator/ui-v1.10.0.zip 
[debug] [2022-10-09T06:09:54.780Z] <<< [apiv2][status] GET https://storage.googleapis.com/firebase-preview-drop/emulator/ui-v1.10.0.zip 200
[debug] [2022-10-09T06:09:54.780Z] <<< [apiv2][body] GET https://storage.googleapis.com/firebase-preview-drop/emulator/ui-v1.10.0.zip [stream]
[info] i  ui: Removing outdated emulator files: ui-v1.8.1 {"metadata":{"emulator":{"name":"ui"},"message":"Removing outdated emulator files: ui-v1.8.1"}}
[info] i  ui: Removing outdated emulator files: ui-v1.8.1.zip {"metadata":{"emulator":{"name":"ui"},"message":"Removing outdated emulator files: ui-v1.8.1.zip"}}
[debug] [2022-10-09T06:09:55.171Z] Ignoring unsupported arg: auto_download {"metadata":{"emulator":{"name":"ui"},"message":"Ignoring unsupported arg: auto_download"}}
[debug] [2022-10-09T06:09:55.171Z] Ignoring unsupported arg: port {"metadata":{"emulator":{"name":"ui"},"message":"Ignoring unsupported arg: port"}}
[debug] [2022-10-09T06:09:55.171Z] Starting Emulator UI with command {"binary":"node","args":["/Users/fernandomellone/.cache/firebase/emulators/ui-v1.10.0/server/server.js"],"optionalArgs":[],"joinArgs":false} {"metadata":{"emulator":{"name":"ui"},"message":"Starting Emulator UI with command {\"binary\":\"node\",\"args\":[\"/Users/fernandomellone/.cache/firebase/emulators/ui-v1.10.0/server/server.js\"],\"optionalArgs\":[],\"joinArgs\":false}"}}
[info] i  ui: Emulator UI logging to ui-debug.log {"metadata":{"emulator":{"name":"ui"},"message":"Emulator UI logging to \u001b[1mui-debug.log\u001b[22m"}}
[debug] [2022-10-09T06:09:55.251Z] Web / API server started at localhost:4000
 {"metadata":{"emulator":{"name":"ui"},"message":"Web / API server started at localhost:4000\n"}}
[info] 
┌─────────────────────────────────────────────────────────────┐
│ ✔  All emulators ready! It is now safe to connect your app. │
│ i  View Emulator UI at http://localhost:4000                │
└─────────────────────────────────────────────────────────────┘

┌────────────────┬────────────────┬─────────────────────────────────┐
│ Emulator       │ Host:Port      │ View in Emulator UI             │
├────────────────┼────────────────┼─────────────────────────────────┤
│ Authentication │ localhost:9099 │ http://localhost:4000/auth      │
├────────────────┼────────────────┼─────────────────────────────────┤
│ Firestore      │ localhost:8080 │ http://localhost:4000/firestore │
└────────────────┴────────────────┴─────────────────────────────────┘
  Emulator Hub running at localhost:4400
  Other reserved ports: 4500, 9150

Issues? Report them at https://github.com/firebase/firebase-tools/issues and attach the *-debug.log files.
 
[debug] [2022-10-09T06:10:06.404Z] Oct 09, 2022 3:10:06 AM io.gapi.emulators.netty.HttpVersionRoutingHandler channelRead
INFO: Detected non-HTTP/2 connection.
 {"metadata":{"emulator":{"name":"firestore"},"message":"Oct 09, 2022 3:10:06 AM io.gapi.emulators.netty.HttpVersionRoutingHandler channelRead\nINFO: Detected non-HTTP/2 connection.\n"}}
[debug] [2022-10-09T06:10:06.431Z] Oct 09, 2022 3:10:06 AM io.gapi.emulators.netty.NotFoundHandler handleRequest
INFO: Unknown request URI: /ws/discovery
 {"metadata":{"emulator":{"name":"firestore"},"message":"Oct 09, 2022 3:10:06 AM io.gapi.emulators.netty.NotFoundHandler handleRequest\nINFO: Unknown request URI: /ws/discovery\n"}}
[debug] [2022-10-09T06:10:06.465Z] Oct 09, 2022 3:10:06 AM io.gapi.emulators.netty.HttpVersionRoutingHandler channelRead
INFO: Detected non-HTTP/2 connection.
 {"metadata":{"emulator":{"name":"firestore"},"message":"Oct 09, 2022 3:10:06 AM io.gapi.emulators.netty.HttpVersionRoutingHandler channelRead\nINFO: Detected non-HTTP/2 connection.\n"}}
[debug] [2022-10-09T06:10:06.471Z] Oct 09, 2022 3:10:06 AM io.gapi.emulators.netty.NotFoundHandler handleRequest
INFO: Unknown request URI: /ws/discovery
 {"metadata":{"emulator":{"name":"firestore"},"message":"Oct 09, 2022 3:10:06 AM io.gapi.emulators.netty.NotFoundHandler handleRequest\nINFO: Unknown request URI: /ws/discovery\n"}}
[debug] [2022-10-09T06:10:06.484Z] Oct 09, 2022 3:10:06 AM io.gapi.emulators.netty.HttpVersionRoutingHandler channelRead
INFO: Detected non-HTTP/2 connection.
 {"metadata":{"emulator":{"name":"firestore"},"message":"Oct 09, 2022 3:10:06 AM io.gapi.emulators.netty.HttpVersionRoutingHandler channelRead\nINFO: Detected non-HTTP/2 connection.\n"}}
[debug] [2022-10-09T06:10:06.487Z] Oct 09, 2022 3:10:06 AM io.gapi.emulators.netty.NotFoundHandler handleRequest
INFO: Unknown request URI: /ws/discovery
 {"metadata":{"emulator":{"name":"firestore"},"message":"Oct 09, 2022 3:10:06 AM io.gapi.emulators.netty.NotFoundHandler handleRequest\nINFO: Unknown request URI: /ws/discovery\n"}}
[debug] [2022-10-09T06:10:06.495Z] Oct 09, 2022 3:10:06 AM com.google.cloud.datastore.emulator.firestore.websocket.WebSocketChannelHandler initChannel
INFO: Connected to new websocket client
 {"metadata":{"emulator":{"name":"firestore"},"message":"Oct 09, 2022 3:10:06 AM com.google.cloud.datastore.emulator.firestore.websocket.WebSocketChannelHandler initChannel\nINFO: Connected to new websocket client\n"}}
[debug] [2022-10-09T06:10:06.503Z] Oct 09, 2022 3:10:06 AM io.gapi.emulators.netty.HttpVersionRoutingHandler channelRead
INFO: Detected non-HTTP/2 connection.
 {"metadata":{"emulator":{"name":"firestore"},"message":"Oct 09, 2022 3:10:06 AM io.gapi.emulators.netty.HttpVersionRoutingHandler channelRead\nINFO: Detected non-HTTP/2 connection.\n"}}
[debug] [2022-10-09T06:10:06.509Z] Oct 09, 2022 3:10:06 AM io.gapi.emulators.netty.NotFoundHandler handleRequest
INFO: Unknown request URI: /ws/discovery
 {"metadata":{"emulator":{"name":"firestore"},"message":"Oct 09, 2022 3:10:06 AM io.gapi.emulators.netty.NotFoundHandler handleRequest\nINFO: Unknown request URI: /ws/discovery\n"}}
[debug] [2022-10-09T06:10:09.219Z] Oct 09, 2022 3:10:09 AM io.gapi.emulators.netty.HttpVersionRoutingHandler channelRead
INFO: Detected non-HTTP/2 connection.
 {"metadata":{"emulator":{"name":"firestore"},"message":"Oct 09, 2022 3:10:09 AM io.gapi.emulators.netty.HttpVersionRoutingHandler channelRead\nINFO: Detected non-HTTP/2 connection.\n"}}
[debug] [2022-10-09T06:10:09.229Z] Oct 09, 2022 3:10:09 AM io.gapi.emulators.netty.HttpVersionRoutingHandler channelRead
INFO: Detected non-HTTP/2 connection.
 {"metadata":{"emulator":{"name":"firestore"},"message":"Oct 09, 2022 3:10:09 AM io.gapi.emulators.netty.HttpVersionRoutingHandler channelRead\nINFO: Detected non-HTTP/2 connection.\n"}}
[debug] [2022-10-09T06:10:09.356Z] Oct 09, 2022 3:10:09 AM io.gapi.emulators.netty.NotFoundHandler handleRequest
INFO: Unknown request URI: /ws/discovery
 {"metadata":{"emulator":{"name":"firestore"},"message":"Oct 09, 2022 3:10:09 AM io.gapi.emulators.netty.NotFoundHandler handleRequest\nINFO: Unknown request URI: /ws/discovery\n"}}
[debug] [2022-10-09T06:10:09.376Z] Oct 09, 2022 3:10:09 AM io.gapi.emulators.netty.HttpVersionRoutingHandler channelRead
INFO: Detected non-HTTP/2 connection.
 {"metadata":{"emulator":{"name":"firestore"},"message":"Oct 09, 2022 3:10:09 AM io.gapi.emulators.netty.HttpVersionRoutingHandler channelRead\nINFO: Detected non-HTTP/2 connection.\n"}}
[debug] [2022-10-09T06:10:09.384Z] Oct 09, 2022 3:10:09 AM io.gapi.emulators.netty.NotFoundHandler handleRequest
INFO: Unknown request URI: /ws/discovery
 {"metadata":{"emulator":{"name":"firestore"},"message":"Oct 09, 2022 3:10:09 AM io.gapi.emulators.netty.NotFoundHandler handleRequest\nINFO: Unknown request URI: /ws/discovery\n"}}
[debug] [2022-10-09T06:10:09.478Z] Oct 09, 2022 3:10:09 AM io.gapi.emulators.netty.HttpVersionRoutingHandler channelRead
INFO: Detected HTTP/2 connection.
 {"metadata":{"emulator":{"name":"firestore"},"message":"Oct 09, 2022 3:10:09 AM io.gapi.emulators.netty.HttpVersionRoutingHandler channelRead\nINFO: Detected HTTP/2 connection.\n"}}
[debug] [2022-10-09T06:10:10.408Z] Oct 09, 2022 3:10:10 AM io.gapi.emulators.netty.HttpVersionRoutingHandler channelRead
INFO: Detected non-HTTP/2 connection.
 {"metadata":{"emulator":{"name":"firestore"},"message":"Oct 09, 2022 3:10:10 AM io.gapi.emulators.netty.HttpVersionRoutingHandler channelRead\nINFO: Detected non-HTTP/2 connection.\n"}}
[debug] [2022-10-09T06:10:10.411Z] Oct 09, 2022 3:10:10 AM io.gapi.emulators.netty.NotFoundHandler handleRequest
INFO: Unknown request URI: /ws/discovery
 {"metadata":{"emulator":{"name":"firestore"},"message":"Oct 09, 2022 3:10:10 AM io.gapi.emulators.netty.NotFoundHandler handleRequest\nINFO: Unknown request URI: /ws/discovery\n"}}
[debug] [2022-10-09T06:10:14.140Z] Oct 09, 2022 3:10:14 AM io.gapi.emulators.netty.HttpVersionRoutingHandler channelRead
INFO: Detected non-HTTP/2 connection.
 {"metadata":{"emulator":{"name":"firestore"},"message":"Oct 09, 2022 3:10:14 AM io.gapi.emulators.netty.HttpVersionRoutingHandler channelRead\nINFO: Detected non-HTTP/2 connection.\n"}}
[debug] [2022-10-09T06:10:14.144Z] Oct 09, 2022 3:10:14 AM io.gapi.emulators.netty.NotFoundHandler handleRequest
INFO: Unknown request URI: /ws/discovery
 {"metadata":{"emulator":{"name":"firestore"},"message":"Oct 09, 2022 3:10:14 AM io.gapi.emulators.netty.NotFoundHandler handleRequest\nINFO: Unknown request URI: /ws/discovery\n"}}
[debug] [2022-10-09T06:10:16.820Z] Oct 09, 2022 3:10:16 AM io.gapi.emulators.netty.HttpVersionRoutingHandler channelRead
INFO: Detected non-HTTP/2 connection.
 {"metadata":{"emulator":{"name":"firestore"},"message":"Oct 09, 2022 3:10:16 AM io.gapi.emulators.netty.HttpVersionRoutingHandler channelRead\nINFO: Detected non-HTTP/2 connection.\n"}}
[debug] [2022-10-09T06:10:16.828Z] Oct 09, 2022 3:10:16 AM io.gapi.emulators.netty.NotFoundHandler handleRequest
INFO: Unknown request URI: /ws/discovery
 {"metadata":{"emulator":{"name":"firestore"},"message":"Oct 09, 2022 3:10:16 AM io.gapi.emulators.netty.NotFoundHandler handleRequest\nINFO: Unknown request URI: /ws/discovery\n"}}
[debug] [2022-10-09T06:10:18.855Z] Oct 09, 2022 3:10:18 AM io.gapi.emulators.netty.HttpVersionRoutingHandler channelRead
INFO: Detected non-HTTP/2 connection.
 {"metadata":{"emulator":{"name":"firestore"},"message":"Oct 09, 2022 3:10:18 AM io.gapi.emulators.netty.HttpVersionRoutingHandler channelRead\nINFO: Detected non-HTTP/2 connection.\n"}}
[debug] [2022-10-09T06:10:18.863Z] Oct 09, 2022 3:10:18 AM io.gapi.emulators.netty.NotFoundHandler handleRequest
INFO: Unknown request URI: /ws/discovery
 {"metadata":{"emulator":{"name":"firestore"},"message":"Oct 09, 2022 3:10:18 AM io.gapi.emulators.netty.NotFoundHandler handleRequest\nINFO: Unknown request URI: /ws/discovery\n"}}
[debug] [2022-10-09T06:18:55.997Z] Oct 09, 2022 3:18:55 AM io.gapi.emulators.netty.HttpVersionRoutingHandler channelRead
INFO: Detected non-HTTP/2 connection.
 {"metadata":{"emulator":{"name":"firestore"},"message":"Oct 09, 2022 3:18:55 AM io.gapi.emulators.netty.HttpVersionRoutingHandler channelRead\nINFO: Detected non-HTTP/2 connection.\n"}}
[debug] [2022-10-09T06:18:56.820Z] Oct 09, 2022 3:18:56 AM io.gapi.emulators.netty.HttpVersionRoutingHandler channelRead
INFO: Detected non-HTTP/2 connection.
 {"metadata":{"emulator":{"name":"firestore"},"message":"Oct 09, 2022 3:18:56 AM io.gapi.emulators.netty.HttpVersionRoutingHandler channelRead\nINFO: Detected non-HTTP/2 connection.\n"}}
[debug] [2022-10-09T06:18:56.880Z] Oct 09, 2022 3:18:56 AM io.gapi.emulators.netty.HttpVersionRoutingHandler channelRead
INFO: Detected non-HTTP/2 connection.
 {"metadata":{"emulator":{"name":"firestore"},"message":"Oct 09, 2022 3:18:56 AM io.gapi.emulators.netty.HttpVersionRoutingHandler channelRead\nINFO: Detected non-HTTP/2 connection.\n"}}
[debug] [2022-10-09T06:19:03.311Z] Oct 09, 2022 3:19:03 AM io.gapi.emulators.netty.HttpVersionRoutingHandler channelRead
INFO: Detected non-HTTP/2 connection.
 {"metadata":{"emulator":{"name":"firestore"},"message":"Oct 09, 2022 3:19:03 AM io.gapi.emulators.netty.HttpVersionRoutingHandler channelRead\nINFO: Detected non-HTTP/2 connection.\n"}}
[debug] [2022-10-09T06:19:03.377Z] Oct 09, 2022 3:19:03 AM io.gapi.emulators.netty.HttpVersionRoutingHandler channelRead
INFO: Detected non-HTTP/2 connection.
 {"metadata":{"emulator":{"name":"firestore"},"message":"Oct 09, 2022 3:19:03 AM io.gapi.emulators.netty.HttpVersionRoutingHandler channelRead\nINFO: Detected non-HTTP/2 connection.\n"}}
[debug] [2022-10-09T06:19:03.406Z] Oct 09, 2022 3:19:03 AM io.gapi.emulators.netty.HttpVersionRoutingHandler channelRead
INFO: Detected non-HTTP/2 connection.
 {"metadata":{"emulator":{"name":"firestore"},"message":"Oct 09, 2022 3:19:03 AM io.gapi.emulators.netty.HttpVersionRoutingHandler channelRead\nINFO: Detected non-HTTP/2 connection.\n"}}
[debug] [2022-10-09T06:19:12.408Z] Oct 09, 2022 3:19:12 AM io.gapi.emulators.netty.HttpVersionRoutingHandler channelRead
INFO: Detected non-HTTP/2 connection.
 {"metadata":{"emulator":{"name":"firestore"},"message":"Oct 09, 2022 3:19:12 AM io.gapi.emulators.netty.HttpVersionRoutingHandler channelRead\nINFO: Detected non-HTTP/2 connection.\n"}}
[debug] [2022-10-09T06:19:12.456Z] Oct 09, 2022 3:19:12 AM io.gapi.emulators.netty.HttpVersionRoutingHandler channelRead
INFO: Detected non-HTTP/2 connection.
 {"metadata":{"emulator":{"name":"firestore"},"message":"Oct 09, 2022 3:19:12 AM io.gapi.emulators.netty.HttpVersionRoutingHandler channelRead\nINFO: Detected non-HTTP/2 connection.\n"}}
[debug] [2022-10-09T06:19:12.477Z] Oct 09, 2022 3:19:12 AM io.gapi.emulators.netty.HttpVersionRoutingHandler channelRead
INFO: Detected non-HTTP/2 connection.
 {"metadata":{"emulator":{"name":"firestore"},"message":"Oct 09, 2022 3:19:12 AM io.gapi.emulators.netty.HttpVersionRoutingHandler channelRead\nINFO: Detected non-HTTP/2 connection.\n"}}
